time="2021-11-11T15:08:02+03:00" level=info msg=OK func=main.main file="C:/CodeGo/src/github.com/Wilddogmoto/RebbitTest/cmd/main.go:9"
time="2021-11-11T15:14:18+03:00" level=error msg="bad connection:AMQP scheme must be either 'amqp://' or 'amqps://'" func=github.com/Wilddogmoto/RebbitTest/logmq.ResponseError file="C:/CodeGo/src/github.com/Wilddogmoto/RebbitTest/logmq/errorResponse.go:8"
time="2021-11-11T15:49:50+03:00" level=info msg="Consumer rdy, PID: 4628" func=github.com/Wilddogmoto/RebbitTest/consumer.ConnectRebbit.func1 file="C:/CodeGo/src/github.com/Wilddogmoto/RebbitTest/consumer/connectRebbit.go:46"
time="2021-11-11T16:05:18+03:00" level=info msg="Consumer rdy, PID: 14116" func=github.com/Wilddogmoto/RebbitTest/consumer.ConnectRebbit.func1 file="C:/CodeGo/src/github.com/Wilddogmoto/RebbitTest/consumer/connectRebbit.go:46"
time="2021-11-11T16:15:17+03:00" level=info msg="Consumer rdy, PID: 15048" func=github.com/Wilddogmoto/RebbitTest/consumer.ConnectRebbit.func1 file="C:/CodeGo/src/github.com/Wilddogmoto/RebbitTest/consumer/connectRebbit.go:46"
time="2021-11-11T16:21:29+03:00" level=info msg="Consumer rdy, PID: 4000" func=github.com/Wilddogmoto/RebbitTest/consumer.ConnectConsumer.func1 file="C:/CodeGo/src/github.com/Wilddogmoto/RebbitTest/consumer/connectConsumer.go:47"
time="2021-11-11T16:40:10+03:00" level=info msg="Consumer rdy, PID: 13548" func=github.com/Wilddogmoto/RebbitTest/consumer.ConnectConsumer.func1 file="C:/CodeGo/src/github.com/Wilddogmoto/RebbitTest/consumer/connectConsumer.go:52"
time="2021-11-11T16:40:51+03:00" level=info msg="Consumer rdy, PID: 5488" func=github.com/Wilddogmoto/RebbitTest/consumer.ConnectConsumer.func1 file="C:/CodeGo/src/github.com/Wilddogmoto/RebbitTest/consumer/connectConsumer.go:52"
time="2021-11-11T16:41:37+03:00" level=info msg="Consumer rdy, PID: 2008" func=github.com/Wilddogmoto/RebbitTest/consumer.ConnectConsumer.func1 file="C:/CodeGo/src/github.com/Wilddogmoto/RebbitTest/consumer/connectConsumer.go:52"
time="2021-11-11T16:43:38+03:00" level=info msg="Consumer rdy, PID: 8920" func=github.com/Wilddogmoto/RebbitTest/consumer.ConnectConsumer.func1 file="C:/CodeGo/src/github.com/Wilddogmoto/RebbitTest/consumer/connectConsumer.go:52"
time="2021-11-11T16:43:47+03:00" level=info msg="Consumer rdy, PID: 7308" func=github.com/Wilddogmoto/RebbitTest/consumer.ConnectConsumer.func1 file="C:/CodeGo/src/github.com/Wilddogmoto/RebbitTest/consumer/connectConsumer.go:52"
time="2021-11-11T16:44:42+03:00" level=info msg="Consumer rdy, PID: 13340" func=github.com/Wilddogmoto/RebbitTest/consumer.ConnectConsumer.func1 file="C:/CodeGo/src/github.com/Wilddogmoto/RebbitTest/consumer/connectConsumer.go:52"
time="2021-11-11T16:47:23+03:00" level=info msg="Consumer rdy, PID: 4824" func=github.com/Wilddogmoto/RebbitTest/consumer.ConnectConsumer.func1 file="C:/CodeGo/src/github.com/Wilddogmoto/RebbitTest/consumer/connectConsumer.go:52"
time="2021-11-11T16:47:50+03:00" level=info msg="Consumer rdy, PID: 4684" func=github.com/Wilddogmoto/RebbitTest/consumer.ConnectConsumer.func1 file="C:/CodeGo/src/github.com/Wilddogmoto/RebbitTest/consumer/connectConsumer.go:52"
time="2021-11-11T16:49:54+03:00" level=info msg="Consumer rdy, PID: 3808" func=github.com/Wilddogmoto/RebbitTest/consumer.ConnectConsumer.func1 file="C:/CodeGo/src/github.com/Wilddogmoto/RebbitTest/consumer/connectConsumer.go:52"
time="2021-11-11T16:50:47+03:00" level=info msg="Consumer rdy, PID: 14628" func=github.com/Wilddogmoto/RebbitTest/consumer.ConnectConsumer.func1 file="C:/CodeGo/src/github.com/Wilddogmoto/RebbitTest/consumer/connectConsumer.go:52"
time="2021-11-11T16:51:38+03:00" level=info msg="Consumer rdy, PID: 12176" func=github.com/Wilddogmoto/RebbitTest/consumer.ConnectConsumer.func1 file="C:/CodeGo/src/github.com/Wilddogmoto/RebbitTest/consumer/connectConsumer.go:52"
time="2021-11-11T16:53:59+03:00" level=info msg="Consumer rdy, PID: 5876" func=github.com/Wilddogmoto/RebbitTest/consumer.ConnectConsumer.func1 file="C:/CodeGo/src/github.com/Wilddogmoto/RebbitTest/consumer/connectConsumer.go:52"
time="2021-11-11T16:54:03+03:00" level=info msg="Received a message: {\"Number1\":285,\"Number2\":216}" func=github.com/Wilddogmoto/RebbitTest/consumer.ConnectConsumer.func1 file="C:/CodeGo/src/github.com/Wilddogmoto/RebbitTest/consumer/connectConsumer.go:54"
time="2021-11-11T16:54:03+03:00" level=info msg="result of 285 + 216 is: 501" func=github.com/Wilddogmoto/RebbitTest/consumer.ConnectConsumer.func1 file="C:/CodeGo/src/github.com/Wilddogmoto/RebbitTest/consumer/connectConsumer.go:60"
time="2021-11-11T16:54:03+03:00" level=info msg="Acknowledged message" func=github.com/Wilddogmoto/RebbitTest/consumer.ConnectConsumer.func1 file="C:/CodeGo/src/github.com/Wilddogmoto/RebbitTest/consumer/connectConsumer.go:65"
time="2021-11-11T16:54:03+03:00" level=info msg="addTask:285 + 285" func=github.com/Wilddogmoto/RebbitTest/publisher.ConnectPublisher file="C:/CodeGo/src/github.com/Wilddogmoto/RebbitTest/publisher/connectPublisher.go:57"
time="2021-11-11T16:56:03+03:00" level=info msg="addTask:993 + 43" func=github.com/Wilddogmoto/RebbitTest/publisher.ConnectPublisher file="C:/CodeGo/src/github.com/Wilddogmoto/RebbitTest/publisher/connectPublisher.go:57"
time="2021-11-11T16:56:24+03:00" level=info msg="addTask:197 + 207" func=github.com/Wilddogmoto/RebbitTest/publisher.ConnectPublisher file="C:/CodeGo/src/github.com/Wilddogmoto/RebbitTest/publisher/connectPublisher.go:57"
time="2021-11-11T16:56:34+03:00" level=info msg="Consumer rdy, PID: 5004" func=github.com/Wilddogmoto/RebbitTest/consumer.ConnectConsumer.func1 file="C:/CodeGo/src/github.com/Wilddogmoto/RebbitTest/consumer/connectConsumer.go:52"
time="2021-11-11T16:56:34+03:00" level=info msg="Received a message: {\"Number1\":993,\"Number2\":43}" func=github.com/Wilddogmoto/RebbitTest/consumer.ConnectConsumer.func1 file="C:/CodeGo/src/github.com/Wilddogmoto/RebbitTest/consumer/connectConsumer.go:54"
time="2021-11-11T16:56:34+03:00" level=info msg="result of 993 + 43 is: 1036" func=github.com/Wilddogmoto/RebbitTest/consumer.ConnectConsumer.func1 file="C:/CodeGo/src/github.com/Wilddogmoto/RebbitTest/consumer/connectConsumer.go:60"
time="2021-11-11T16:56:34+03:00" level=info msg="Acknowledged message" func=github.com/Wilddogmoto/RebbitTest/consumer.ConnectConsumer.func1 file="C:/CodeGo/src/github.com/Wilddogmoto/RebbitTest/consumer/connectConsumer.go:65"
time="2021-11-11T16:56:34+03:00" level=info msg="Received a message: {\"Number1\":197,\"Number2\":207}" func=github.com/Wilddogmoto/RebbitTest/consumer.ConnectConsumer.func1 file="C:/CodeGo/src/github.com/Wilddogmoto/RebbitTest/consumer/connectConsumer.go:54"
time="2021-11-11T16:56:34+03:00" level=info msg="result of 197 + 207 is: 404" func=github.com/Wilddogmoto/RebbitTest/consumer.ConnectConsumer.func1 file="C:/CodeGo/src/github.com/Wilddogmoto/RebbitTest/consumer/connectConsumer.go:60"
time="2021-11-11T16:56:34+03:00" level=info msg="Acknowledged message" func=github.com/Wilddogmoto/RebbitTest/consumer.ConnectConsumer.func1 file="C:/CodeGo/src/github.com/Wilddogmoto/RebbitTest/consumer/connectConsumer.go:65"
time="2021-11-11T16:56:44+03:00" level=info msg="Received a message: {\"Number1\":513,\"Number2\":609}" func=github.com/Wilddogmoto/RebbitTest/consumer.ConnectConsumer.func1 file="C:/CodeGo/src/github.com/Wilddogmoto/RebbitTest/consumer/connectConsumer.go:54"
time="2021-11-11T16:56:44+03:00" level=info msg="result of 513 + 609 is: 1122" func=github.com/Wilddogmoto/RebbitTest/consumer.ConnectConsumer.func1 file="C:/CodeGo/src/github.com/Wilddogmoto/RebbitTest/consumer/connectConsumer.go:60"
time="2021-11-11T16:56:44+03:00" level=info msg="Acknowledged message" func=github.com/Wilddogmoto/RebbitTest/consumer.ConnectConsumer.func1 file="C:/CodeGo/src/github.com/Wilddogmoto/RebbitTest/consumer/connectConsumer.go:65"
time="2021-11-11T16:56:44+03:00" level=info msg="addTask:513 + 609" func=github.com/Wilddogmoto/RebbitTest/publisher.ConnectPublisher file="C:/CodeGo/src/github.com/Wilddogmoto/RebbitTest/publisher/connectPublisher.go:57"
time="2021-11-11T16:56:47+03:00" level=info msg="Received a message: {\"Number1\":460,\"Number2\":607}" func=github.com/Wilddogmoto/RebbitTest/consumer.ConnectConsumer.func1 file="C:/CodeGo/src/github.com/Wilddogmoto/RebbitTest/consumer/connectConsumer.go:54"
time="2021-11-11T16:56:47+03:00" level=info msg="result of 460 + 607 is: 1067" func=github.com/Wilddogmoto/RebbitTest/consumer.ConnectConsumer.func1 file="C:/CodeGo/src/github.com/Wilddogmoto/RebbitTest/consumer/connectConsumer.go:60"
time="2021-11-11T16:56:47+03:00" level=info msg="Acknowledged message" func=github.com/Wilddogmoto/RebbitTest/consumer.ConnectConsumer.func1 file="C:/CodeGo/src/github.com/Wilddogmoto/RebbitTest/consumer/connectConsumer.go:65"
time="2021-11-11T16:56:47+03:00" level=info msg="addTask:460 + 607" func=github.com/Wilddogmoto/RebbitTest/publisher.ConnectPublisher file="C:/CodeGo/src/github.com/Wilddogmoto/RebbitTest/publisher/connectPublisher.go:57"
time="2021-11-11T16:56:50+03:00" level=info msg="Received a message: {\"Number1\":201,\"Number2\":268}" func=github.com/Wilddogmoto/RebbitTest/consumer.ConnectConsumer.func1 file="C:/CodeGo/src/github.com/Wilddogmoto/RebbitTest/consumer/connectConsumer.go:54"
time="2021-11-11T16:56:50+03:00" level=info msg="result of 201 + 268 is: 469" func=github.com/Wilddogmoto/RebbitTest/consumer.ConnectConsumer.func1 file="C:/CodeGo/src/github.com/Wilddogmoto/RebbitTest/consumer/connectConsumer.go:60"
time="2021-11-11T16:56:50+03:00" level=info msg="Acknowledged message" func=github.com/Wilddogmoto/RebbitTest/consumer.ConnectConsumer.func1 file="C:/CodeGo/src/github.com/Wilddogmoto/RebbitTest/consumer/connectConsumer.go:65"
time="2021-11-11T16:56:50+03:00" level=info msg="addTask:201 + 268" func=github.com/Wilddogmoto/RebbitTest/publisher.ConnectPublisher file="C:/CodeGo/src/github.com/Wilddogmoto/RebbitTest/publisher/connectPublisher.go:57"
time="2021-11-11T16:57:03+03:00" level=info msg="Consumer rdy, PID: 13848" func=github.com/Wilddogmoto/RebbitTest/consumer.ConnectConsumer.func1 file="C:/CodeGo/src/github.com/Wilddogmoto/RebbitTest/consumer/connectConsumer.go:52"
time="2021-11-11T16:57:14+03:00" level=info msg="Received a message: {\"Number1\":705,\"Number2\":404}" func=github.com/Wilddogmoto/RebbitTest/consumer.ConnectConsumer.func1 file="C:/CodeGo/src/github.com/Wilddogmoto/RebbitTest/consumer/connectConsumer.go:54"
time="2021-11-11T16:57:14+03:00" level=info msg="result of 705 + 404 is: 1109" func=github.com/Wilddogmoto/RebbitTest/consumer.ConnectConsumer.func1 file="C:/CodeGo/src/github.com/Wilddogmoto/RebbitTest/consumer/connectConsumer.go:60"
time="2021-11-11T16:57:14+03:00" level=info msg="Acknowledged message" func=github.com/Wilddogmoto/RebbitTest/consumer.ConnectConsumer.func1 file="C:/CodeGo/src/github.com/Wilddogmoto/RebbitTest/consumer/connectConsumer.go:65"
time="2021-11-11T16:57:14+03:00" level=info msg="addTask:705 + 404" func=github.com/Wilddogmoto/RebbitTest/publisher.ConnectPublisher file="C:/CodeGo/src/github.com/Wilddogmoto/RebbitTest/publisher/connectPublisher.go:57"
time="2021-11-11T16:57:26+03:00" level=info msg="Received a message: {\"Number1\":759,\"Number2\":533}" func=github.com/Wilddogmoto/RebbitTest/consumer.ConnectConsumer.func1 file="C:/CodeGo/src/github.com/Wilddogmoto/RebbitTest/consumer/connectConsumer.go:54"
time="2021-11-11T16:57:26+03:00" level=info msg="result of 759 + 533 is: 1292" func=github.com/Wilddogmoto/RebbitTest/consumer.ConnectConsumer.func1 file="C:/CodeGo/src/github.com/Wilddogmoto/RebbitTest/consumer/connectConsumer.go:60"
time="2021-11-11T16:57:26+03:00" level=info msg="Acknowledged message" func=github.com/Wilddogmoto/RebbitTest/consumer.ConnectConsumer.func1 file="C:/CodeGo/src/github.com/Wilddogmoto/RebbitTest/consumer/connectConsumer.go:65"
time="2021-11-11T16:57:26+03:00" level=info msg="addTask:759 + 533" func=github.com/Wilddogmoto/RebbitTest/publisher.ConnectPublisher file="C:/CodeGo/src/github.com/Wilddogmoto/RebbitTest/publisher/connectPublisher.go:57"
time="2021-11-11T16:57:32+03:00" level=info msg="Received a message: {\"Number1\":858,\"Number2\":938}" func=github.com/Wilddogmoto/RebbitTest/consumer.ConnectConsumer.func1 file="C:/CodeGo/src/github.com/Wilddogmoto/RebbitTest/consumer/connectConsumer.go:54"
time="2021-11-11T16:57:32+03:00" level=info msg="result of 858 + 938 is: 1796" func=github.com/Wilddogmoto/RebbitTest/consumer.ConnectConsumer.func1 file="C:/CodeGo/src/github.com/Wilddogmoto/RebbitTest/consumer/connectConsumer.go:60"
time="2021-11-11T16:57:32+03:00" level=info msg="Acknowledged message" func=github.com/Wilddogmoto/RebbitTest/consumer.ConnectConsumer.func1 file="C:/CodeGo/src/github.com/Wilddogmoto/RebbitTest/consumer/connectConsumer.go:65"
time="2021-11-11T16:57:32+03:00" level=info msg="addTask:858 + 938" func=github.com/Wilddogmoto/RebbitTest/publisher.ConnectPublisher file="C:/CodeGo/src/github.com/Wilddogmoto/RebbitTest/publisher/connectPublisher.go:57"
time="2021-11-12T09:43:04+03:00" level=info msg="Consumer rdy, PID: 6744" func=github.com/Wilddogmoto/RebbitTest/consumer.ConnectConsumer.func1 file="C:/CodeGo/src/github.com/Wilddogmoto/RebbitTest/consumer/connectConsumer.go:52"
time="2021-11-12T09:43:23+03:00" level=info msg="Received a message: {\"Number1\":878,\"Number2\":636}" func=github.com/Wilddogmoto/RebbitTest/consumer.ConnectConsumer.func1 file="C:/CodeGo/src/github.com/Wilddogmoto/RebbitTest/consumer/connectConsumer.go:54"
time="2021-11-12T09:43:23+03:00" level=info msg="result of 878 + 636 is: 1514" func=github.com/Wilddogmoto/RebbitTest/consumer.ConnectConsumer.func1 file="C:/CodeGo/src/github.com/Wilddogmoto/RebbitTest/consumer/connectConsumer.go:60"
time="2021-11-12T09:43:23+03:00" level=info msg="Acknowledged message" func=github.com/Wilddogmoto/RebbitTest/consumer.ConnectConsumer.func1 file="C:/CodeGo/src/github.com/Wilddogmoto/RebbitTest/consumer/connectConsumer.go:65"
time="2021-11-12T09:43:23+03:00" level=info msg="addTask:878 + 636" func=github.com/Wilddogmoto/RebbitTest/publisher.ConnectPublisher file="C:/CodeGo/src/github.com/Wilddogmoto/RebbitTest/publisher/connectPublisher.go:56"
time="2021-11-12T10:55:54+03:00" level=info msg="Consumer rdy, PID: 13636" func=github.com/Wilddogmoto/RebbitTest/consumer.ConnectConsumer.func1 file="C:/CodeGo/src/github.com/Wilddogmoto/RebbitTest/consumer/connectConsumer.go:52"
time="2021-11-12T10:56:13+03:00" level=info msg="Received a message: {\"Number1\":878,\"Number2\":636}" func=github.com/Wilddogmoto/RebbitTest/consumer.ConnectConsumer.func1 file="C:/CodeGo/src/github.com/Wilddogmoto/RebbitTest/consumer/connectConsumer.go:54"
time="2021-11-12T10:56:13+03:00" level=info msg="result of 878 + 636 is: 1514" func=github.com/Wilddogmoto/RebbitTest/consumer.ConnectConsumer.func1 file="C:/CodeGo/src/github.com/Wilddogmoto/RebbitTest/consumer/connectConsumer.go:60"
time="2021-11-12T10:56:13+03:00" level=info msg="Acknowledged message" func=github.com/Wilddogmoto/RebbitTest/consumer.ConnectConsumer.func1 file="C:/CodeGo/src/github.com/Wilddogmoto/RebbitTest/consumer/connectConsumer.go:65"
time="2021-11-12T10:56:13+03:00" level=info msg="addTask:878 + 636" func=github.com/Wilddogmoto/RebbitTest/publisher.ConnectPublisher file="C:/CodeGo/src/github.com/Wilddogmoto/RebbitTest/publisher/connectPublisher.go:56"
time="2021-11-12T10:56:36+03:00" level=info msg="Received a message: {\"Number1\":878,\"Number2\":636}" func=github.com/Wilddogmoto/RebbitTest/consumer.ConnectConsumer.func1 file="C:/CodeGo/src/github.com/Wilddogmoto/RebbitTest/consumer/connectConsumer.go:54"
time="2021-11-12T10:56:36+03:00" level=info msg="result of 878 + 636 is: 1514" func=github.com/Wilddogmoto/RebbitTest/consumer.ConnectConsumer.func1 file="C:/CodeGo/src/github.com/Wilddogmoto/RebbitTest/consumer/connectConsumer.go:60"
time="2021-11-12T10:56:36+03:00" level=info msg="Acknowledged message" func=github.com/Wilddogmoto/RebbitTest/consumer.ConnectConsumer.func1 file="C:/CodeGo/src/github.com/Wilddogmoto/RebbitTest/consumer/connectConsumer.go:65"
time="2021-11-12T10:56:36+03:00" level=info msg="addTask:878 + 636" func=github.com/Wilddogmoto/RebbitTest/publisher.ConnectPublisher file="C:/CodeGo/src/github.com/Wilddogmoto/RebbitTest/publisher/connectPublisher.go:56"
time="2021-11-12T11:06:30+03:00" level=info msg="Consumer rdy, PID: 6232" func=github.com/Wilddogmoto/RebbitTest/consumer.ConnectConsumer.func1 file="C:/CodeGo/src/github.com/Wilddogmoto/RebbitTest/consumer/connectConsumer.go:52"
time="2021-11-12T11:06:36+03:00" level=info msg="Received a message: {\"Number1\":878,\"Number2\":636}" func=github.com/Wilddogmoto/RebbitTest/consumer.ConnectConsumer.func1 file="C:/CodeGo/src/github.com/Wilddogmoto/RebbitTest/consumer/connectConsumer.go:54"
time="2021-11-12T11:06:36+03:00" level=info msg="result of 878 + 636 is: 1514" func=github.com/Wilddogmoto/RebbitTest/consumer.ConnectConsumer.func1 file="C:/CodeGo/src/github.com/Wilddogmoto/RebbitTest/consumer/connectConsumer.go:60"
time="2021-11-12T11:06:36+03:00" level=info msg="Acknowledged message" func=github.com/Wilddogmoto/RebbitTest/consumer.ConnectConsumer.func1 file="C:/CodeGo/src/github.com/Wilddogmoto/RebbitTest/consumer/connectConsumer.go:65"
time="2021-11-12T11:06:36+03:00" level=info msg="addTask:878 + 636" func=github.com/Wilddogmoto/RebbitTest/publisher.ConnectPublisher file="C:/CodeGo/src/github.com/Wilddogmoto/RebbitTest/publisher/connectPublisher.go:56"
time="2021-11-15T12:59:39+03:00" level=info msg="Consumer rdy, PID: 10780" func=github.com/Wilddogmoto/RebbitTest/consumer.ConnectConsumer.func1 file="C:/CodeGo/src/github.com/Wilddogmoto/RebbitTest/consumer/connectConsumer.go:52"
